<?xml version="1.0" encoding="UTF-8"?>
<!-- Generated by org.testng.reporters.JUnitXMLReporter -->
<testsuite ignored="0" hostname="DESKTOP-J0OADTM" failures="13" tests="35" name="Test" time="37.99" errors="0" timestamp="2022-06-27T10:20:58 IST">
  <testcase classname="com.employeeapi.testCases.TC005_DELETE_Employee_Record" name="@BeforeClass deleteEmployee" time="1.367">
    <failure type="io.restassured.path.json.exception.JsonPathException" message="Failed to parse the JSON document">
      <![CDATA[io.restassured.path.json.exception.JsonPathException: Failed to parse the JSON document
at io.restassured.path.json.JsonPath$ExceptionCatcher.invoke(JsonPath.java:1002)
at io.restassured.path.json.JsonPath$4.doParseWith(JsonPath.java:967)
at io.restassured.path.json.JsonPath$JsonParser.parseWith(JsonPath.java:1047)
at io.restassured.path.json.JsonPath.get(JsonPath.java:202)
at com.employeeapi.testCases.TC005_DELETE_Employee_Record.deleteEmployee(TC005_DELETE_Employee_Record.java:34)
at java.base/java.util.ArrayList.forEach(ArrayList.java:1511)
Caused by: groovy.json.JsonException: Lexing failed on line: 1, column: 1, while reading '<', no possible valid JSON value or punctuation could be recognized.
at groovy.json.JsonLexer.nextToken(JsonLexer.java:86)
at groovy.json.JsonLexer$nextToken.call(Unknown Source)
at org.codehaus.groovy.runtime.callsite.CallSiteArray.defaultCall(CallSiteArray.java:46)
at org.codehaus.groovy.runtime.callsite.AbstractCallSite.call(AbstractCallSite.java:125)
at org.codehaus.groovy.runtime.callsite.AbstractCallSite.call(AbstractCallSite.java:130)
at io.restassured.internal.path.json.ConfigurableJsonSlurper.parse(ConfigurableJsonSlurper.groovy:97)
at io.restassured.internal.path.json.ConfigurableJsonSlurper$parse.callCurrent(Unknown Source)
at org.codehaus.groovy.runtime.callsite.CallSiteArray.defaultCallCurrent(CallSiteArray.java:50)
at org.codehaus.groovy.runtime.callsite.AbstractCallSite.callCurrent(AbstractCallSite.java:171)
at org.codehaus.groovy.runtime.callsite.AbstractCallSite.callCurrent(AbstractCallSite.java:185)
at io.restassured.internal.path.json.ConfigurableJsonSlurper.parseText(ConfigurableJsonSlurper.groovy:83)
at io.restassured.path.json.JsonPath$4$1.method(JsonPath.java:965)
at io.restassured.path.json.JsonPath$ExceptionCatcher.invoke(JsonPath.java:1000)
... 28 more
... Removed 23 stack frames]]>
    </failure>
  </testcase> <!-- @BeforeClass deleteEmployee -->
  <testcase classname="com.employeeapi.testCases.TC001_GET_All_Employees" name="checkContentEncoding" time="0.066"/>
  <testcase classname="com.employeeapi.testCases.TC001_GET_All_Employees" name="checkContentLength" time="0.007"/>
  <testcase classname="com.employeeapi.testCases.TC001_GET_All_Employees" name="checkContentType" time="0.003"/>
  <testcase classname="com.employeeapi.testCases.TC001_GET_All_Employees" name="checkCookies" time="0.003"/>
  <testcase classname="com.employeeapi.testCases.TC001_GET_All_Employees" name="checkResponseBody" time="0.091"/>
  <testcase classname="com.employeeapi.testCases.TC001_GET_All_Employees" name="checkResponseTime" time="0.01"/>
  <testcase classname="com.employeeapi.testCases.TC001_GET_All_Employees" name="checkServerType" time="0.008"/>
  <testcase classname="com.employeeapi.testCases.TC001_GET_All_Employees" name="checkStatusCode" time="0.012"/>
  <testcase classname="com.employeeapi.testCases.TC001_GET_All_Employees" name="checkStatusLine" time="0.002"/>
  <testcase classname="com.employeeapi.testCases.TC003_POST_Employee_Record" name="checkContentEncoding" time="0.016">
    <failure type="java.lang.NullPointerException" message="Cannot invoke &amp;quot;io.restassured.response.Response.header(String)&amp;quot; because &amp;quot;this.response&amp;quot; is null">
      <![CDATA[java.lang.NullPointerException: Cannot invoke "io.restassured.response.Response.header(String)" because "this.response" is null
at com.employeeapi.testCases.TC003_POST_Employee_Record.checkContentEncoding(TC003_POST_Employee_Record.java:100)
at java.base/java.util.ArrayList.forEach(ArrayList.java:1511)
... Removed 25 stack frames]]>
    </failure>
  </testcase> <!-- checkContentEncoding -->
  <testcase classname="com.employeeapi.testCases.TC003_POST_Employee_Record" name="checkContentType" time="0.009">
    <failure type="java.lang.NullPointerException" message="Cannot invoke &amp;quot;io.restassured.response.Response.getContentType()&amp;quot; because &amp;quot;this.response&amp;quot; is null">
      <![CDATA[java.lang.NullPointerException: Cannot invoke "io.restassured.response.Response.getContentType()" because "this.response" is null
at com.employeeapi.testCases.TC003_POST_Employee_Record.checkContentType(TC003_POST_Employee_Record.java:81)
at java.base/java.util.ArrayList.forEach(ArrayList.java:1511)
... Removed 25 stack frames]]>
    </failure>
  </testcase> <!-- checkContentType -->
  <testcase classname="com.employeeapi.testCases.TC003_POST_Employee_Record" name="checkResponseBody" time="0.009">
    <failure type="java.lang.NullPointerException" message="Cannot invoke &amp;quot;io.restassured.response.Response.getBody()&amp;quot; because &amp;quot;this.response&amp;quot; is null">
      <![CDATA[java.lang.NullPointerException: Cannot invoke "io.restassured.response.Response.getBody()" because "this.response" is null
at com.employeeapi.testCases.TC003_POST_Employee_Record.checkResponseBody(TC003_POST_Employee_Record.java:53)
at java.base/java.util.ArrayList.forEach(ArrayList.java:1511)
... Removed 25 stack frames]]>
    </failure>
  </testcase> <!-- checkResponseBody -->
  <testcase classname="com.employeeapi.testCases.TC003_POST_Employee_Record" name="checkServerType" time="0.004">
    <failure type="java.lang.NullPointerException" message="Cannot invoke &amp;quot;io.restassured.response.Response.header(String)&amp;quot; because &amp;quot;this.response&amp;quot; is null">
      <![CDATA[java.lang.NullPointerException: Cannot invoke "io.restassured.response.Response.header(String)" because "this.response" is null
at com.employeeapi.testCases.TC003_POST_Employee_Record.checkServerType(TC003_POST_Employee_Record.java:90)
at java.base/java.util.ArrayList.forEach(ArrayList.java:1511)
... Removed 25 stack frames]]>
    </failure>
  </testcase> <!-- checkServerType -->
  <testcase classname="com.employeeapi.testCases.TC003_POST_Employee_Record" name="checkStatusCode" time="0.006">
    <failure type="java.lang.NullPointerException" message="Cannot invoke &amp;quot;io.restassured.response.Response.getStatusCode()&amp;quot; because &amp;quot;this.response&amp;quot; is null">
      <![CDATA[java.lang.NullPointerException: Cannot invoke "io.restassured.response.Response.getStatusCode()" because "this.response" is null
at com.employeeapi.testCases.TC003_POST_Employee_Record.checkStatusCode(TC003_POST_Employee_Record.java:64)
at java.base/java.util.ArrayList.forEach(ArrayList.java:1511)
... Removed 25 stack frames]]>
    </failure>
  </testcase> <!-- checkStatusCode -->
  <testcase classname="com.employeeapi.testCases.TC003_POST_Employee_Record" name="checkStatusLine" time="0.002">
    <failure type="java.lang.NullPointerException" message="Cannot invoke &amp;quot;io.restassured.response.Response.getStatusLine()&amp;quot; because &amp;quot;this.response&amp;quot; is null">
      <![CDATA[java.lang.NullPointerException: Cannot invoke "io.restassured.response.Response.getStatusLine()" because "this.response" is null
at com.employeeapi.testCases.TC003_POST_Employee_Record.checkStatusLine(TC003_POST_Employee_Record.java:73)
at java.base/java.util.ArrayList.forEach(ArrayList.java:1511)
... Removed 25 stack frames]]>
    </failure>
  </testcase> <!-- checkStatusLine -->
  <testcase classname="com.employeeapi.testCases.TC004_PUT_Employee_Record" name="checkContentEncoding" time="0.001">
    <failure type="java.lang.NullPointerException" message="Cannot invoke &amp;quot;io.restassured.response.Response.header(String)&amp;quot; because &amp;quot;this.response&amp;quot; is null">
      <![CDATA[java.lang.NullPointerException: Cannot invoke "io.restassured.response.Response.header(String)" because "this.response" is null
at com.employeeapi.testCases.TC004_PUT_Employee_Record.checkContentEncoding(TC004_PUT_Employee_Record.java:100)
at java.base/java.util.ArrayList.forEach(ArrayList.java:1511)
... Removed 25 stack frames]]>
    </failure>
  </testcase> <!-- checkContentEncoding -->
  <testcase classname="com.employeeapi.testCases.TC004_PUT_Employee_Record" name="checkContentType" time="0.001">
    <failure type="java.lang.NullPointerException" message="Cannot invoke &amp;quot;io.restassured.response.Response.getContentType()&amp;quot; because &amp;quot;this.response&amp;quot; is null">
      <![CDATA[java.lang.NullPointerException: Cannot invoke "io.restassured.response.Response.getContentType()" because "this.response" is null
at com.employeeapi.testCases.TC004_PUT_Employee_Record.checkContentType(TC004_PUT_Employee_Record.java:81)
at java.base/java.util.ArrayList.forEach(ArrayList.java:1511)
... Removed 25 stack frames]]>
    </failure>
  </testcase> <!-- checkContentType -->
  <testcase classname="com.employeeapi.testCases.TC004_PUT_Employee_Record" name="checkResponseBody" time="0.003">
    <failure type="java.lang.NullPointerException" message="Cannot invoke &amp;quot;io.restassured.response.Response.getBody()&amp;quot; because &amp;quot;this.response&amp;quot; is null">
      <![CDATA[java.lang.NullPointerException: Cannot invoke "io.restassured.response.Response.getBody()" because "this.response" is null
at com.employeeapi.testCases.TC004_PUT_Employee_Record.checkResponseBody(TC004_PUT_Employee_Record.java:53)
at java.base/java.util.ArrayList.forEach(ArrayList.java:1511)
... Removed 25 stack frames]]>
    </failure>
  </testcase> <!-- checkResponseBody -->
  <testcase classname="com.employeeapi.testCases.TC004_PUT_Employee_Record" name="checkServerType" time="0.007">
    <failure type="java.lang.NullPointerException" message="Cannot invoke &amp;quot;io.restassured.response.Response.header(String)&amp;quot; because &amp;quot;this.response&amp;quot; is null">
      <![CDATA[java.lang.NullPointerException: Cannot invoke "io.restassured.response.Response.header(String)" because "this.response" is null
at com.employeeapi.testCases.TC004_PUT_Employee_Record.checkServerType(TC004_PUT_Employee_Record.java:90)
at java.base/java.util.ArrayList.forEach(ArrayList.java:1511)
... Removed 25 stack frames]]>
    </failure>
  </testcase> <!-- checkServerType -->
  <testcase classname="com.employeeapi.testCases.TC004_PUT_Employee_Record" name="checkStatusCode" time="0.002">
    <failure type="java.lang.NullPointerException" message="Cannot invoke &amp;quot;io.restassured.response.Response.getStatusCode()&amp;quot; because &amp;quot;this.response&amp;quot; is null">
      <![CDATA[java.lang.NullPointerException: Cannot invoke "io.restassured.response.Response.getStatusCode()" because "this.response" is null
at com.employeeapi.testCases.TC004_PUT_Employee_Record.checkStatusCode(TC004_PUT_Employee_Record.java:64)
at java.base/java.util.ArrayList.forEach(ArrayList.java:1511)
... Removed 25 stack frames]]>
    </failure>
  </testcase> <!-- checkStatusCode -->
  <testcase classname="com.employeeapi.testCases.TC004_PUT_Employee_Record" name="checkStatusLine" time="0.004">
    <failure type="java.lang.NullPointerException" message="Cannot invoke &amp;quot;io.restassured.response.Response.getStatusLine()&amp;quot; because &amp;quot;this.response&amp;quot; is null">
      <![CDATA[java.lang.NullPointerException: Cannot invoke "io.restassured.response.Response.getStatusLine()" because "this.response" is null
at com.employeeapi.testCases.TC004_PUT_Employee_Record.checkStatusLine(TC004_PUT_Employee_Record.java:73)
at java.base/java.util.ArrayList.forEach(ArrayList.java:1511)
... Removed 25 stack frames]]>
    </failure>
  </testcase> <!-- checkStatusLine -->
  <testcase classname="com.employeeapi.testCases.TC002_GET_Single_Employee_Record" name="checkContentLength" time="0.007">
    <failure type="java.lang.NumberFormatException" message="Cannot parse null string">
      <![CDATA[java.lang.NumberFormatException: Cannot parse null string
at java.base/java.lang.Integer.parseInt(Integer.java:630)
at java.base/java.lang.Integer.parseInt(Integer.java:784)
at com.employeeapi.testCases.TC002_GET_Single_Employee_Record.checkContentLength(TC002_GET_Single_Employee_Record.java:89)
at java.base/java.util.ArrayList.forEach(ArrayList.java:1511)
... Removed 25 stack frames]]>
    </failure>
  </testcase> <!-- checkContentLength -->
  <testcase classname="com.employeeapi.testCases.TC002_GET_Single_Employee_Record" name="checkContentType" time="0.007"/>
  <testcase classname="com.employeeapi.testCases.TC002_GET_Single_Employee_Record" name="checkResponseBody" time="0.059"/>
  <testcase classname="com.employeeapi.testCases.TC002_GET_Single_Employee_Record" name="checkResponseTime" time="0.012"/>
  <testcase classname="com.employeeapi.testCases.TC002_GET_Single_Employee_Record" name="checkServerType" time="0.008"/>
  <testcase classname="com.employeeapi.testCases.TC002_GET_Single_Employee_Record" name="checkStatusCode" time="0.004"/>
  <testcase classname="com.employeeapi.testCases.TC002_GET_Single_Employee_Record" name="checkStatusLine" time="0.007"/>
  <testcase classname="com.employeeapi.testCases.TC005_DELETE_Employee_Record" name="checkContentEncoding" time="0.0">
    <skipped/>
  </testcase> <!-- checkContentEncoding -->
  <testcase classname="com.employeeapi.testCases.TC005_DELETE_Employee_Record" name="checkContentType" time="0.0">
    <skipped/>
  </testcase> <!-- checkContentType -->
  <testcase classname="com.employeeapi.testCases.TC005_DELETE_Employee_Record" name="checkResponseBody" time="0.0">
    <skipped/>
  </testcase> <!-- checkResponseBody -->
  <testcase classname="com.employeeapi.testCases.TC005_DELETE_Employee_Record" name="checkResponseTime" time="0.0">
    <skipped/>
  </testcase> <!-- checkResponseTime -->
  <testcase classname="com.employeeapi.testCases.TC005_DELETE_Employee_Record" name="checkServerType" time="0.0">
    <skipped/>
  </testcase> <!-- checkServerType -->
  <testcase classname="com.employeeapi.testCases.TC005_DELETE_Employee_Record" name="checkStatusCode" time="0.0">
    <skipped/>
  </testcase> <!-- checkStatusCode -->
  <testcase classname="com.employeeapi.testCases.TC005_DELETE_Employee_Record" name="checkStatusLine" time="0.0">
    <skipped/>
  </testcase> <!-- checkStatusLine -->
</testsuite> <!-- Test -->
